sdk/app/android/app/build/intermediates/manifest_merge_blame_file/debug/manifest-merger-blame-debug-report.txt
1<?xml version="1.0" encoding="utf-8"?>
2<manifest xmlns:android="http://schemas.android.com/apk/res/android"
3    package="com.sdkdev"
4    android:versionCode="1"
5    android:versionName="1.0" >
6
7    <uses-sdk
8        android:minSdkVersion="21"
9        android:targetSdkVersion="34" />
10
11    <uses-permission
11-->src/main/AndroidManifest.xml:4:5-5:50
12        android:name="android.permission.SCHEDULE_EXACT_ALARM"
12-->src/main/AndroidManifest.xml:4:22-76
13        android:maxSdkVersion="32" />
13-->src/main/AndroidManifest.xml:5:22-48
14    <uses-permission
14-->src/main/AndroidManifest.xml:6:5-7:50
15        android:name="android.permission.USE_EXACT_ALARM"
15-->src/main/AndroidManifest.xml:6:22-71
16        android:minSdkVersion="33" />
16-->src/main/AndroidManifest.xml:7:22-48
17    <uses-permission android:name="android.permission.INTERNET" />
17-->src/main/AndroidManifest.xml:3:5-67
17-->src/main/AndroidManifest.xml:3:22-64
18    <uses-permission android:name="android.permission.WAKE_LOCK" />
18-->[:react-native-firebase_messaging] AndroidManifest.xml:8:5-68
18-->[:react-native-firebase_messaging] AndroidManifest.xml:8:22-65
19    <uses-permission android:name="android.permission.ACCESS_NETWORK_STATE" />
19-->[:react-native-firebase_messaging] AndroidManifest.xml:9:5-79
19-->[:react-native-firebase_messaging] AndroidManifest.xml:9:22-76
20    <!--
21    This manifest file is used only by Gradle to configure debug-only capabilities
22    for React Native Apps.
23    -->
24    <uses-permission android:name="android.permission.SYSTEM_ALERT_WINDOW" />
24-->[com.facebook.react:react-android:0.73.4] AndroidManifest.xml:16:5-78
24-->[com.facebook.react:react-android:0.73.4] AndroidManifest.xml:16:22-75
25    <uses-permission android:name="android.permission.ACCESS_WIFI_STATE" />
25-->[com.facebook.flipper:flipper:0.201.0] AndroidManifest.xml:14:5-76
25-->[com.facebook.flipper:flipper:0.201.0] AndroidManifest.xml:14:22-73
26    <uses-permission android:name="android.permission.POST_NOTIFICATIONS" /> <!-- Required by older versions of Google Play services to create IID tokens -->
26-->[com.google.firebase:firebase-messaging:23.4.1] AndroidManifest.xml:23:5-77
26-->[com.google.firebase:firebase-messaging:23.4.1] AndroidManifest.xml:23:22-74
27    <uses-permission android:name="com.google.android.c2dm.permission.RECEIVE" />
27-->[com.google.firebase:firebase-messaging:23.4.1] AndroidManifest.xml:26:5-82
27-->[com.google.firebase:firebase-messaging:23.4.1] AndroidManifest.xml:26:22-79
28
29    <permission
29-->[androidx.core:core:1.9.0] AndroidManifest.xml:22:5-24:47
30        android:name="com.sdkdev.DYNAMIC_RECEIVER_NOT_EXPORTED_PERMISSION"
30-->[androidx.core:core:1.9.0] AndroidManifest.xml:23:9-81
31        android:protectionLevel="signature" />
31-->[androidx.core:core:1.9.0] AndroidManifest.xml:24:9-44
32
33    <uses-permission android:name="com.sdkdev.DYNAMIC_RECEIVER_NOT_EXPORTED_PERMISSION" />
33-->[androidx.core:core:1.9.0] AndroidManifest.xml:26:5-97
33-->[androidx.core:core:1.9.0] AndroidManifest.xml:26:22-94
34    <uses-permission android:name="com.google.android.finsky.permission.BIND_GET_INSTALL_REFERRER_SERVICE" /> <!-- for android -->
34-->[com.android.installreferrer:installreferrer:1.1.2] AndroidManifest.xml:9:5-110
34-->[com.android.installreferrer:installreferrer:1.1.2] AndroidManifest.xml:9:22-107
35    <!-- <uses-permission android:name="com.android.launcher.permission.READ_SETTINGS"/> -->
36    <!-- <uses-permission android:name="com.android.launcher.permission.WRITE_SETTINGS"/> -->
37    <!-- <uses-permission android:name="com.android.launcher.permission.INSTALL_SHORTCUT" /> -->
38    <!-- <uses-permission android:name="com.android.launcher.permission.UNINSTALL_SHORTCUT" /> -->
39    <!-- for Samsung -->
40    <uses-permission android:name="com.sec.android.provider.badge.permission.READ" />
40-->[me.leolin:ShortcutBadger:1.1.22] AndroidManifest.xml:19:5-86
40-->[me.leolin:ShortcutBadger:1.1.22] AndroidManifest.xml:19:22-83
41    <uses-permission android:name="com.sec.android.provider.badge.permission.WRITE" /> <!-- for htc -->
41-->[me.leolin:ShortcutBadger:1.1.22] AndroidManifest.xml:20:5-87
41-->[me.leolin:ShortcutBadger:1.1.22] AndroidManifest.xml:20:22-84
42    <uses-permission android:name="com.htc.launcher.permission.READ_SETTINGS" />
42-->[me.leolin:ShortcutBadger:1.1.22] AndroidManifest.xml:23:5-81
42-->[me.leolin:ShortcutBadger:1.1.22] AndroidManifest.xml:23:22-78
43    <uses-permission android:name="com.htc.launcher.permission.UPDATE_SHORTCUT" /> <!-- for sony -->
43-->[me.leolin:ShortcutBadger:1.1.22] AndroidManifest.xml:24:5-83
43-->[me.leolin:ShortcutBadger:1.1.22] AndroidManifest.xml:24:22-80
44    <uses-permission android:name="com.sonyericsson.home.permission.BROADCAST_BADGE" />
44-->[me.leolin:ShortcutBadger:1.1.22] AndroidManifest.xml:27:5-88
44-->[me.leolin:ShortcutBadger:1.1.22] AndroidManifest.xml:27:22-85
45    <uses-permission android:name="com.sonymobile.home.permission.PROVIDER_INSERT_BADGE" /> <!-- for apex -->
45-->[me.leolin:ShortcutBadger:1.1.22] AndroidManifest.xml:28:5-92
45-->[me.leolin:ShortcutBadger:1.1.22] AndroidManifest.xml:28:22-89
46    <uses-permission android:name="com.anddoes.launcher.permission.UPDATE_COUNT" /> <!-- for solid -->
46-->[me.leolin:ShortcutBadger:1.1.22] AndroidManifest.xml:31:5-84
46-->[me.leolin:ShortcutBadger:1.1.22] AndroidManifest.xml:31:22-81
47    <uses-permission android:name="com.majeur.launcher.permission.UPDATE_BADGE" /> <!-- for huawei -->
47-->[me.leolin:ShortcutBadger:1.1.22] AndroidManifest.xml:34:5-83
47-->[me.leolin:ShortcutBadger:1.1.22] AndroidManifest.xml:34:22-80
48    <uses-permission android:name="com.huawei.android.launcher.permission.CHANGE_BADGE" />
48-->[me.leolin:ShortcutBadger:1.1.22] AndroidManifest.xml:37:5-91
48-->[me.leolin:ShortcutBadger:1.1.22] AndroidManifest.xml:37:22-88
49    <uses-permission android:name="com.huawei.android.launcher.permission.READ_SETTINGS" />
49-->[me.leolin:ShortcutBadger:1.1.22] AndroidManifest.xml:38:5-92
49-->[me.leolin:ShortcutBadger:1.1.22] AndroidManifest.xml:38:22-89
50    <uses-permission android:name="com.huawei.android.launcher.permission.WRITE_SETTINGS" /> <!-- for ZUK -->
50-->[me.leolin:ShortcutBadger:1.1.22] AndroidManifest.xml:39:5-93
50-->[me.leolin:ShortcutBadger:1.1.22] AndroidManifest.xml:39:22-90
51    <uses-permission android:name="android.permission.READ_APP_BADGE" /> <!-- for OPPO -->
51-->[me.leolin:ShortcutBadger:1.1.22] AndroidManifest.xml:42:5-73
51-->[me.leolin:ShortcutBadger:1.1.22] AndroidManifest.xml:42:22-70
52    <uses-permission android:name="com.oppo.launcher.permission.READ_SETTINGS" />
52-->[me.leolin:ShortcutBadger:1.1.22] AndroidManifest.xml:45:5-82
52-->[me.leolin:ShortcutBadger:1.1.22] AndroidManifest.xml:45:22-79
53    <uses-permission android:name="com.oppo.launcher.permission.WRITE_SETTINGS" /> <!-- for EvMe -->
53-->[me.leolin:ShortcutBadger:1.1.22] AndroidManifest.xml:46:5-83
53-->[me.leolin:ShortcutBadger:1.1.22] AndroidManifest.xml:46:22-80
54    <uses-permission android:name="me.everything.badger.permission.BADGE_COUNT_READ" />
54-->[me.leolin:ShortcutBadger:1.1.22] AndroidManifest.xml:49:5-88
54-->[me.leolin:ShortcutBadger:1.1.22] AndroidManifest.xml:49:22-85
55    <uses-permission android:name="me.everything.badger.permission.BADGE_COUNT_WRITE" />
55-->[me.leolin:ShortcutBadger:1.1.22] AndroidManifest.xml:50:5-89
55-->[me.leolin:ShortcutBadger:1.1.22] AndroidManifest.xml:50:22-86
56
57    <application
57-->src/main/AndroidManifest.xml:8:5-27:19
58        android:name="com.sdkdev.MainApplication"
58-->src/main/AndroidManifest.xml:9:7-38
59        android:allowBackup="false"
59-->src/main/AndroidManifest.xml:13:7-34
60        android:appComponentFactory="androidx.core.app.CoreComponentFactory"
60-->[androidx.core:core:1.9.0] AndroidManifest.xml:28:18-86
61        android:debuggable="true"
62        android:extractNativeLibs="true"
63        android:icon="@mipmap/ic_launcher"
63-->src/main/AndroidManifest.xml:11:7-41
64        android:label="@string/app_name"
64-->src/main/AndroidManifest.xml:10:7-39
65        android:roundIcon="@mipmap/ic_launcher_round"
65-->src/main/AndroidManifest.xml:12:7-52
66        android:theme="@style/AppTheme"
66-->src/main/AndroidManifest.xml:14:7-38
67        android:usesCleartextTraffic="true" >
67-->src/debug/AndroidManifest.xml:9:9-44
68        <activity
68-->src/main/AndroidManifest.xml:15:7-26:18
69            android:name="com.sdkdev.MainActivity"
69-->src/main/AndroidManifest.xml:16:9-37
70            android:configChanges="keyboard|keyboardHidden|orientation|screenLayout|screenSize|smallestScreenSize|uiMode"
70-->src/main/AndroidManifest.xml:18:9-118
71            android:exported="true"
71-->src/main/AndroidManifest.xml:21:9-32
72            android:label="@string/app_name"
72-->src/main/AndroidManifest.xml:17:9-41
73            android:launchMode="singleTask"
73-->src/main/AndroidManifest.xml:19:9-40
74            android:windowSoftInputMode="adjustResize" >
74-->src/main/AndroidManifest.xml:20:9-51
75            <intent-filter>
75-->src/main/AndroidManifest.xml:22:9-25:25
76                <action android:name="android.intent.action.MAIN" />
76-->src/main/AndroidManifest.xml:23:13-65
76-->src/main/AndroidManifest.xml:23:21-62
77
78                <category android:name="android.intent.category.LAUNCHER" />
78-->src/main/AndroidManifest.xml:24:13-73
78-->src/main/AndroidManifest.xml:24:23-70
79            </intent-filter>
80        </activity>
81
82        <service
82-->[:react-native-firebase_messaging] AndroidManifest.xml:12:9-14:40
83            android:name="io.invertase.firebase.messaging.ReactNativeFirebaseMessagingHeadlessService"
83-->[:react-native-firebase_messaging] AndroidManifest.xml:13:13-103
84            android:exported="false" />
84-->[:react-native-firebase_messaging] AndroidManifest.xml:14:13-37
85        <service
85-->[:react-native-firebase_messaging] AndroidManifest.xml:15:9-21:19
86            android:name="io.invertase.firebase.messaging.ReactNativeFirebaseMessagingService"
86-->[:react-native-firebase_messaging] AndroidManifest.xml:16:13-95
87            android:exported="false" >
87-->[:react-native-firebase_messaging] AndroidManifest.xml:17:13-37
88            <intent-filter>
88-->[:react-native-firebase_messaging] AndroidManifest.xml:18:13-20:29
89                <action android:name="com.google.firebase.MESSAGING_EVENT" />
89-->[:react-native-firebase_messaging] AndroidManifest.xml:19:17-78
89-->[:react-native-firebase_messaging] AndroidManifest.xml:19:25-75
90            </intent-filter>
91        </service>
92
93        <receiver
93-->[:react-native-firebase_messaging] AndroidManifest.xml:23:9-30:20
94            android:name="io.invertase.firebase.messaging.ReactNativeFirebaseMessagingReceiver"
94-->[:react-native-firebase_messaging] AndroidManifest.xml:24:13-96
95            android:exported="true"
95-->[:react-native-firebase_messaging] AndroidManifest.xml:25:13-36
96            android:permission="com.google.android.c2dm.permission.SEND" >
96-->[:react-native-firebase_messaging] AndroidManifest.xml:26:13-73
97            <intent-filter>
97-->[:react-native-firebase_messaging] AndroidManifest.xml:27:13-29:29
98                <action android:name="com.google.android.c2dm.intent.RECEIVE" />
98-->[:react-native-firebase_messaging] AndroidManifest.xml:28:17-81
98-->[:react-native-firebase_messaging] AndroidManifest.xml:28:25-78
99            </intent-filter>
100        </receiver>
101
102        <meta-data
102-->[:react-native-firebase_messaging] AndroidManifest.xml:32:9-34:36
103            android:name="firebase_messaging_auto_init_enabled"
103-->[:react-native-firebase_messaging] AndroidManifest.xml:33:13-64
104            android:value="true" />
104-->[:react-native-firebase_messaging] AndroidManifest.xml:34:13-33
105        <meta-data
105-->[:react-native-firebase_messaging] AndroidManifest.xml:35:9-37:45
106            android:name="com.google.firebase.messaging.default_notification_channel_id"
106-->[:react-native-firebase_messaging] AndroidManifest.xml:36:13-89
107            android:value="high-priority" />
107-->[:react-native-firebase_messaging] AndroidManifest.xml:37:13-42
108        <meta-data
108-->[:react-native-firebase_messaging] AndroidManifest.xml:38:9-40:47
109            android:name="com.google.firebase.messaging.default_notification_color"
109-->[:react-native-firebase_messaging] AndroidManifest.xml:39:13-84
110            android:resource="@color/white" />
110-->[:react-native-firebase_messaging] AndroidManifest.xml:40:13-44
111        <meta-data
111-->[:react-native-firebase_app] AndroidManifest.xml:9:9-11:36
112            android:name="app_data_collection_default_enabled"
112-->[:react-native-firebase_app] AndroidManifest.xml:10:13-63
113            android:value="true" />
113-->[:react-native-firebase_app] AndroidManifest.xml:11:13-33
114
115        <service
115-->[:react-native-firebase_app] AndroidManifest.xml:13:9-21:19
116            android:name="com.google.firebase.components.ComponentDiscoveryService"
116-->[:react-native-firebase_app] AndroidManifest.xml:14:13-84
117            android:directBootAware="true"
117-->[:react-native-firebase_app] AndroidManifest.xml:15:13-43
118            android:exported="false" >
118-->[:react-native-firebase_app] AndroidManifest.xml:16:13-37
119            <meta-data
119-->[:react-native-firebase_app] AndroidManifest.xml:18:13-20:85
120                android:name="com.google.firebase.components:io.invertase.firebase.app.ReactNativeFirebaseAppRegistrar"
120-->[:react-native-firebase_app] AndroidManifest.xml:19:17-120
121                android:value="com.google.firebase.components.ComponentRegistrar" />
121-->[:react-native-firebase_app] AndroidManifest.xml:20:17-82
122            <meta-data
122-->[com.google.firebase:firebase-messaging:23.4.1] AndroidManifest.xml:57:13-59:85
123                android:name="com.google.firebase.components:com.google.firebase.messaging.FirebaseMessagingKtxRegistrar"
123-->[com.google.firebase:firebase-messaging:23.4.1] AndroidManifest.xml:58:17-122
124                android:value="com.google.firebase.components.ComponentRegistrar" />
124-->[com.google.firebase:firebase-messaging:23.4.1] AndroidManifest.xml:59:17-82
125            <meta-data
125-->[com.google.firebase:firebase-messaging:23.4.1] AndroidManifest.xml:60:13-62:85
126                android:name="com.google.firebase.components:com.google.firebase.messaging.FirebaseMessagingRegistrar"
126-->[com.google.firebase:firebase-messaging:23.4.1] AndroidManifest.xml:61:17-119
127                android:value="com.google.firebase.components.ComponentRegistrar" />
127-->[com.google.firebase:firebase-messaging:23.4.1] AndroidManifest.xml:62:17-82
128            <meta-data
128-->[com.google.firebase:firebase-installations:17.2.0] AndroidManifest.xml:15:13-17:85
129                android:name="com.google.firebase.components:com.google.firebase.installations.FirebaseInstallationsKtxRegistrar"
129-->[com.google.firebase:firebase-installations:17.2.0] AndroidManifest.xml:16:17-130
130                android:value="com.google.firebase.components.ComponentRegistrar" />
130-->[com.google.firebase:firebase-installations:17.2.0] AndroidManifest.xml:17:17-82
131            <meta-data
131-->[com.google.firebase:firebase-installations:17.2.0] AndroidManifest.xml:18:13-20:85
132                android:name="com.google.firebase.components:com.google.firebase.installations.FirebaseInstallationsRegistrar"
132-->[com.google.firebase:firebase-installations:17.2.0] AndroidManifest.xml:19:17-127
133                android:value="com.google.firebase.components.ComponentRegistrar" />
133-->[com.google.firebase:firebase-installations:17.2.0] AndroidManifest.xml:20:17-82
134            <meta-data
134-->[com.google.firebase:firebase-common-ktx:20.4.2] AndroidManifest.xml:12:13-14:85
135                android:name="com.google.firebase.components:com.google.firebase.ktx.FirebaseCommonLegacyRegistrar"
135-->[com.google.firebase:firebase-common-ktx:20.4.2] AndroidManifest.xml:13:17-116
136                android:value="com.google.firebase.components.ComponentRegistrar" />
136-->[com.google.firebase:firebase-common-ktx:20.4.2] AndroidManifest.xml:14:17-82
137            <meta-data
137-->[com.google.firebase:firebase-common:20.4.2] AndroidManifest.xml:35:13-37:85
138                android:name="com.google.firebase.components:com.google.firebase.FirebaseCommonKtxRegistrar"
138-->[com.google.firebase:firebase-common:20.4.2] AndroidManifest.xml:36:17-109
139                android:value="com.google.firebase.components.ComponentRegistrar" />
139-->[com.google.firebase:firebase-common:20.4.2] AndroidManifest.xml:37:17-82
140            <meta-data
140-->[com.google.firebase:firebase-datatransport:18.1.7] AndroidManifest.xml:27:13-29:85
141                android:name="com.google.firebase.components:com.google.firebase.datatransport.TransportRegistrar"
141-->[com.google.firebase:firebase-datatransport:18.1.7] AndroidManifest.xml:28:17-115
142                android:value="com.google.firebase.components.ComponentRegistrar" />
142-->[com.google.firebase:firebase-datatransport:18.1.7] AndroidManifest.xml:29:17-82
143        </service>
144
145        <provider
145-->[:react-native-firebase_app] AndroidManifest.xml:23:9-27:38
146            android:name="io.invertase.firebase.app.ReactNativeFirebaseAppInitProvider"
146-->[:react-native-firebase_app] AndroidManifest.xml:24:13-88
147            android:authorities="com.sdkdev.reactnativefirebaseappinitprovider"
147-->[:react-native-firebase_app] AndroidManifest.xml:25:13-86
148            android:exported="false"
148-->[:react-native-firebase_app] AndroidManifest.xml:26:13-37
149            android:initOrder="99" />
149-->[:react-native-firebase_app] AndroidManifest.xml:27:13-35
150        <provider
150-->[:react-native-webview] AndroidManifest.xml:8:9-16:20
151            android:name="com.reactnativecommunity.webview.RNCWebViewFileProvider"
151-->[:react-native-webview] AndroidManifest.xml:9:13-83
152            android:authorities="com.sdkdev.fileprovider"
152-->[:react-native-webview] AndroidManifest.xml:10:13-64
153            android:exported="false"
153-->[:react-native-webview] AndroidManifest.xml:11:13-37
154            android:grantUriPermissions="true" >
154-->[:react-native-webview] AndroidManifest.xml:12:13-47
155            <meta-data
155-->[:react-native-webview] AndroidManifest.xml:13:13-15:63
156                android:name="android.support.FILE_PROVIDER_PATHS"
156-->[:react-native-webview] AndroidManifest.xml:14:17-67
157                android:resource="@xml/file_provider_paths" />
157-->[:react-native-webview] AndroidManifest.xml:15:17-60
158        </provider>
159
160        <activity
160-->[com.facebook.react:react-android:0.73.4] AndroidManifest.xml:19:9-21:40
161            android:name="com.facebook.react.devsupport.DevSettingsActivity"
161-->[com.facebook.react:react-android:0.73.4] AndroidManifest.xml:20:13-77
162            android:exported="false" />
162-->[com.facebook.react:react-android:0.73.4] AndroidManifest.xml:21:13-37
163        <activity
163-->[com.google.android.gms:play-services-auth:20.7.0] AndroidManifest.xml:23:9-27:75
164            android:name="com.google.android.gms.auth.api.signin.internal.SignInHubActivity"
164-->[com.google.android.gms:play-services-auth:20.7.0] AndroidManifest.xml:24:13-93
165            android:excludeFromRecents="true"
165-->[com.google.android.gms:play-services-auth:20.7.0] AndroidManifest.xml:25:13-46
166            android:exported="false"
166-->[com.google.android.gms:play-services-auth:20.7.0] AndroidManifest.xml:26:13-37
167            android:theme="@android:style/Theme.Translucent.NoTitleBar" />
167-->[com.google.android.gms:play-services-auth:20.7.0] AndroidManifest.xml:27:13-72
168        <!--
169            Service handling Google Sign-In user revocation. For apps that do not integrate with
170            Google Sign-In, this service will never be started.
171        -->
172        <service
172-->[com.google.android.gms:play-services-auth:20.7.0] AndroidManifest.xml:33:9-37:51
173            android:name="com.google.android.gms.auth.api.signin.RevocationBoundService"
173-->[com.google.android.gms:play-services-auth:20.7.0] AndroidManifest.xml:34:13-89
174            android:exported="true"
174-->[com.google.android.gms:play-services-auth:20.7.0] AndroidManifest.xml:35:13-36
175            android:permission="com.google.android.gms.auth.api.signin.permission.REVOCATION_NOTIFICATION"
175-->[com.google.android.gms:play-services-auth:20.7.0] AndroidManifest.xml:36:13-107
176            android:visibleToInstantApps="true" />
176-->[com.google.android.gms:play-services-auth:20.7.0] AndroidManifest.xml:37:13-48
177
178        <receiver
178-->[com.google.firebase:firebase-messaging:23.4.1] AndroidManifest.xml:29:9-40:20
179            android:name="com.google.firebase.iid.FirebaseInstanceIdReceiver"
179-->[com.google.firebase:firebase-messaging:23.4.1] AndroidManifest.xml:30:13-78
180            android:exported="true"
180-->[com.google.firebase:firebase-messaging:23.4.1] AndroidManifest.xml:31:13-36
181            android:permission="com.google.android.c2dm.permission.SEND" >
181-->[com.google.firebase:firebase-messaging:23.4.1] AndroidManifest.xml:32:13-73
182            <intent-filter>
182-->[:react-native-firebase_messaging] AndroidManifest.xml:27:13-29:29
183                <action android:name="com.google.android.c2dm.intent.RECEIVE" />
183-->[:react-native-firebase_messaging] AndroidManifest.xml:28:17-81
183-->[:react-native-firebase_messaging] AndroidManifest.xml:28:25-78
184            </intent-filter>
185
186            <meta-data
186-->[com.google.firebase:firebase-messaging:23.4.1] AndroidManifest.xml:37:13-39:40
187                android:name="com.google.android.gms.cloudmessaging.FINISHED_AFTER_HANDLED"
187-->[com.google.firebase:firebase-messaging:23.4.1] AndroidManifest.xml:38:17-92
188                android:value="true" />
188-->[com.google.firebase:firebase-messaging:23.4.1] AndroidManifest.xml:39:17-37
189        </receiver>
190        <!--
191             FirebaseMessagingService performs security checks at runtime,
192             but set to not exported to explicitly avoid allowing another app to call it.
193        -->
194        <service
194-->[com.google.firebase:firebase-messaging:23.4.1] AndroidManifest.xml:46:9-53:19
195            android:name="com.google.firebase.messaging.FirebaseMessagingService"
195-->[com.google.firebase:firebase-messaging:23.4.1] AndroidManifest.xml:47:13-82
196            android:directBootAware="true"
196-->[com.google.firebase:firebase-messaging:23.4.1] AndroidManifest.xml:48:13-43
197            android:exported="false" >
197-->[com.google.firebase:firebase-messaging:23.4.1] AndroidManifest.xml:49:13-37
198            <intent-filter android:priority="-500" >
198-->[:react-native-firebase_messaging] AndroidManifest.xml:18:13-20:29
199                <action android:name="com.google.firebase.MESSAGING_EVENT" />
199-->[:react-native-firebase_messaging] AndroidManifest.xml:19:17-78
199-->[:react-native-firebase_messaging] AndroidManifest.xml:19:25-75
200            </intent-filter>
201        </service>
202
203        <activity
203-->[com.google.android.gms:play-services-base:18.0.1] AndroidManifest.xml:20:9-22:45
204            android:name="com.google.android.gms.common.api.GoogleApiActivity"
204-->[com.google.android.gms:play-services-base:18.0.1] AndroidManifest.xml:20:19-85
205            android:exported="false"
205-->[com.google.android.gms:play-services-base:18.0.1] AndroidManifest.xml:22:19-43
206            android:theme="@android:style/Theme.Translucent.NoTitleBar" />
206-->[com.google.android.gms:play-services-base:18.0.1] AndroidManifest.xml:21:19-78
207
208        <provider
208-->[com.google.firebase:firebase-common:20.4.2] AndroidManifest.xml:23:9-28:39
209            android:name="com.google.firebase.provider.FirebaseInitProvider"
209-->[com.google.firebase:firebase-common:20.4.2] AndroidManifest.xml:24:13-77
210            android:authorities="com.sdkdev.firebaseinitprovider"
210-->[com.google.firebase:firebase-common:20.4.2] AndroidManifest.xml:25:13-72
211            android:directBootAware="true"
211-->[com.google.firebase:firebase-common:20.4.2] AndroidManifest.xml:26:13-43
212            android:exported="false"
212-->[com.google.firebase:firebase-common:20.4.2] AndroidManifest.xml:27:13-37
213            android:initOrder="100" />
213-->[com.google.firebase:firebase-common:20.4.2] AndroidManifest.xml:28:13-36
214
215        <meta-data
215-->[com.google.android.gms:play-services-basement:18.2.0] AndroidManifest.xml:21:9-23:69
216            android:name="com.google.android.gms.version"
216-->[com.google.android.gms:play-services-basement:18.2.0] AndroidManifest.xml:22:13-58
217            android:value="@integer/google_play_services_version" />
217-->[com.google.android.gms:play-services-basement:18.2.0] AndroidManifest.xml:23:13-66
218
219        <service
219-->[com.google.android.datatransport:transport-backend-cct:3.1.8] AndroidManifest.xml:28:9-34:19
220            android:name="com.google.android.datatransport.runtime.backends.TransportBackendDiscovery"
220-->[com.google.android.datatransport:transport-backend-cct:3.1.8] AndroidManifest.xml:29:13-103
221            android:exported="false" >
221-->[com.google.android.datatransport:transport-backend-cct:3.1.8] AndroidManifest.xml:30:13-37
222            <meta-data
222-->[com.google.android.datatransport:transport-backend-cct:3.1.8] AndroidManifest.xml:31:13-33:39
223                android:name="backend:com.google.android.datatransport.cct.CctBackendFactory"
223-->[com.google.android.datatransport:transport-backend-cct:3.1.8] AndroidManifest.xml:32:17-94
224                android:value="cct" />
224-->[com.google.android.datatransport:transport-backend-cct:3.1.8] AndroidManifest.xml:33:17-36
225        </service>
226        <service
226-->[com.google.android.datatransport:transport-runtime:3.1.8] AndroidManifest.xml:26:9-30:19
227            android:name="com.google.android.datatransport.runtime.scheduling.jobscheduling.JobInfoSchedulerService"
227-->[com.google.android.datatransport:transport-runtime:3.1.8] AndroidManifest.xml:27:13-117
228            android:exported="false"
228-->[com.google.android.datatransport:transport-runtime:3.1.8] AndroidManifest.xml:28:13-37
229            android:permission="android.permission.BIND_JOB_SERVICE" >
229-->[com.google.android.datatransport:transport-runtime:3.1.8] AndroidManifest.xml:29:13-69
230        </service>
231
232        <receiver
232-->[com.google.android.datatransport:transport-runtime:3.1.8] AndroidManifest.xml:32:9-34:40
233            android:name="com.google.android.datatransport.runtime.scheduling.jobscheduling.AlarmManagerSchedulerBroadcastReceiver"
233-->[com.google.android.datatransport:transport-runtime:3.1.8] AndroidManifest.xml:33:13-132
234            android:exported="false" />
234-->[com.google.android.datatransport:transport-runtime:3.1.8] AndroidManifest.xml:34:13-37
235
236        <provider
236-->[androidx.emoji2:emoji2:1.2.0] AndroidManifest.xml:24:9-32:20
237            android:name="androidx.startup.InitializationProvider"
237-->[androidx.emoji2:emoji2:1.2.0] AndroidManifest.xml:25:13-67
238            android:authorities="com.sdkdev.androidx-startup"
238-->[androidx.emoji2:emoji2:1.2.0] AndroidManifest.xml:26:13-68
239            android:exported="false" >
239-->[androidx.emoji2:emoji2:1.2.0] AndroidManifest.xml:27:13-37
240            <meta-data
240-->[androidx.emoji2:emoji2:1.2.0] AndroidManifest.xml:29:13-31:52
241                android:name="androidx.emoji2.text.EmojiCompatInitializer"
241-->[androidx.emoji2:emoji2:1.2.0] AndroidManifest.xml:30:17-75
242                android:value="androidx.startup" />
242-->[androidx.emoji2:emoji2:1.2.0] AndroidManifest.xml:31:17-49
243            <meta-data
243-->[androidx.lifecycle:lifecycle-process:2.4.1] AndroidManifest.xml:31:13-33:52
244                android:name="androidx.lifecycle.ProcessLifecycleInitializer"
244-->[androidx.lifecycle:lifecycle-process:2.4.1] AndroidManifest.xml:32:17-78
245                android:value="androidx.startup" />
245-->[androidx.lifecycle:lifecycle-process:2.4.1] AndroidManifest.xml:33:17-49
246        </provider>
247
248        <meta-data
248-->[com.facebook.soloader:soloader:0.10.5] AndroidManifest.xml:12:9-14:37
249            android:name="com.facebook.soloader.enabled"
249-->[com.facebook.soloader:soloader:0.10.5] AndroidManifest.xml:13:13-57
250            android:value="false" />
250-->[com.facebook.soloader:soloader:0.10.5] AndroidManifest.xml:14:13-34
251    </application>
252
253</manifest>